<?xml version="1.0"?>
<!DOCTYPE coverage SYSTEM "http://cobertura.sourceforge.net/xml/coverage-04.dtd">

<coverage line-rate="0.9411764705882353" branch-rate="0.6666666666666666" lines-covered="16" lines-valid="17" branches-covered="4" branches-valid="6" complexity="3.0" version="2.1.1" timestamp="1678734634191">
	<sources>
		<source>--source</source>
		<source>/Users/miguelmarcelino/Documents/repos/test/repo_clone/coverage-test-repo/src/main/java</source>
	</sources>
	<packages>
		<package name="" line-rate="0.9411764705882353" branch-rate="0.6666666666666666" complexity="3.0">
			<classes>
				<class name="Whatever" filename="Whatever.java" line-rate="0.9411764705882353" branch-rate="0.6666666666666666" complexity="3.0">
					<methods>
						<method name="&lt;init&gt;" signature="()V" line-rate="1.0" branch-rate="1.0" complexity="0">
							<lines>
								<line number="1" hits="5" branch="false"/>
							</lines>
						</method>
						<method name="returnWhat" signature="(Ljava/lang/String;Z)Ljava/lang/String;" line-rate="1.0" branch-rate="0.75" complexity="0">
							<lines>
								<line number="5" hits="4" branch="true" condition-coverage="100% (2/2)">
									<conditions>
										<condition number="0" type="jump" coverage="100%"/>
									</conditions>
								</line>
								<line number="6" hits="1" branch="false"/>
								<line number="7" hits="3" branch="true" condition-coverage="50% (1/2)">
									<conditions>
										<condition number="0" type="jump" coverage="50%"/>
									</conditions>
								</line>
								<line number="8" hits="2" branch="false"/>
								<line number="9" hits="3" branch="false"/>
								<line number="10" hits="2" branch="false"/>
								<line number="11" hits="2" branch="false"/>
								<line number="12" hits="1" branch="false"/>
								<line number="16" hits="2" branch="false"/>
							</lines>
						</method>
						<method name="returnWhat2" signature="(Ljava/lang/String;Z)Ljava/lang/String;" line-rate="0.8571428571428571" branch-rate="0.5" complexity="0">
							<lines>
								<line number="18" hits="1" branch="true" condition-coverage="50% (1/2)">
									<conditions>
										<condition number="0" type="jump" coverage="50%"/>
									</conditions>
								</line>
								<line number="19" hits="1" branch="false"/>
								<line number="20" hits="1" branch="false"/>
								<line number="21" hits="1" branch="false"/>
								<line number="22" hits="1" branch="false"/>
								<line number="24" hits="1" branch="false"/>
								<line number="27" hits="0" branch="false"/>
							</lines>
						</method>
					</methods>
					<lines>
						<line number="1" hits="5" branch="false"/>
						<line number="5" hits="4" branch="true" condition-coverage="100% (2/2)">
							<conditions>
								<condition number="0" type="jump" coverage="100%"/>
							</conditions>
						</line>
						<line number="6" hits="1" branch="false"/>
						<line number="7" hits="3" branch="true" condition-coverage="50% (1/2)">
							<conditions>
								<condition number="0" type="jump" coverage="50%"/>
							</conditions>
						</line>
						<line number="8" hits="2" branch="false"/>
						<line number="9" hits="3" branch="false"/>
						<line number="10" hits="2" branch="false"/>
						<line number="11" hits="2" branch="false"/>
						<line number="12" hits="1" branch="false"/>
						<line number="16" hits="2" branch="false"/>
						<line number="18" hits="1" branch="true" condition-coverage="50% (1/2)">
							<conditions>
								<condition number="0" type="jump" coverage="50%"/>
							</conditions>
						</line>
						<line number="19" hits="1" branch="false"/>
						<line number="20" hits="1" branch="false"/>
						<line number="21" hits="1" branch="false"/>
						<line number="22" hits="1" branch="false"/>
						<line number="24" hits="1" branch="false"/>
						<line number="27" hits="0" branch="false"/>
					</lines>
				</class>
			</classes>
		</package>
	</packages>
</coverage>
